Unity Editor version:    2020.3.29f1 (2ff179115da0)
Branch:                  2020.3/staging
Build type:              Release
Batch mode:              YES
macOS version:           Version 12.6 (Build 21G115)
Darwin version:          21.6.0
Architecture:            x86_64
Running under Rosetta:   NO
Available memory:        16384 MB
Using pre-set license
Pro License: NO

COMMAND LINE ARGUMENTS:
/Applications/Unity/Hub/Editor/2020.3.29f1/Unity.app/Contents/MacOS/Unity
-adb2
-batchMode
-noUpm
-name
AssetImportWorker0
-projectPath
/Users/tianhui/My project (2)/Langs_NaniNovel
-logFile
Logs/AssetImportWorker0.log
-srvPort
52886
Successfully changed project path to: /Users/tianhui/My project (2)/Langs_NaniNovel
/Users/tianhui/My project (2)/Langs_NaniNovel
Using Asset Import Pipeline V2.
Refreshing native plugins compatible for Editor in 54.32 ms, found 2 plugins.
Preloading 0 native plugins for Editor in 0.00 ms.
Initialize engine version: 2020.3.29f1 (2ff179115da0)
[Subsystems] Discovering subsystems at path /Applications/Unity/Hub/Editor/2020.3.29f1/Unity.app/Contents/Resources/UnitySubsystems
[Subsystems] Discovering subsystems at path /Users/tianhui/My project (2)/Langs_NaniNovel/Assets
GfxDevice: creating device client; threaded=0
2022-12-09 14:08:44.385 Unity[36205:22738161] Color LCD preferred device: Intel(R) Iris(TM) Plus Graphics 655 (low power)
2022-12-09 14:08:44.385 Unity[36205:22738161] Metal devices available: 1
2022-12-09 14:08:44.385 Unity[36205:22738161] 0: Intel(R) Iris(TM) Plus Graphics 655 (low power)
2022-12-09 14:08:44.385 Unity[36205:22738161] Using device Intel(R) Iris(TM) Plus Graphics 655 (low power)
Initializing Metal device caps: Intel(R) Iris(TM) Plus Graphics 655
Initialize mono
Mono path[0] = '/Applications/Unity/Hub/Editor/2020.3.29f1/Unity.app/Contents/Managed'
Mono path[1] = '/Applications/Unity/Hub/Editor/2020.3.29f1/Unity.app/Contents/MonoBleedingEdge/lib/mono/unityjit'
Mono config path = '/Applications/Unity/Hub/Editor/2020.3.29f1/Unity.app/Contents/MonoBleedingEdge/etc'
Using monoOptions --debugger-agent=transport=dt_socket,embedding=1,server=y,suspend=n,address=127.0.0.1:56205
Begin MonoManager ReloadAssembly
Registering precompiled unity dll's ...
Register platform support module: /Applications/Unity/Hub/Editor/2020.3.29f1/PlaybackEngines/WebGLSupport/UnityEditor.WebGL.Extensions.dll
Register platform support module: /Applications/Unity/Hub/Editor/2020.3.29f1/Unity.app/Contents/PlaybackEngines/MacStandaloneSupport/UnityEditor.OSXStandalone.Extensions.dll
Registered in 0.004235 seconds.
Native extension for OSXStandalone target not found
Native extension for WebGL target not found
Refreshing native plugins compatible for Editor in 58.82 ms, found 2 plugins.
Preloading 0 native plugins for Editor in 0.00 ms.
Mono: successfully reloaded assembly
- Completed reload, in  0.830 seconds
Domain Reload Profiling:
	ReloadAssembly (830ms)
		BeginReloadAssembly (145ms)
			ExecutionOrderSort (0ms)
			DisableScriptedObjects (0ms)
			BackupInstance (0ms)
			ReleaseScriptingObjects (0ms)
			CreateAndSetChildDomain (1ms)
		EndReloadAssembly (589ms)
			LoadAssemblies (148ms)
			RebuildTransferFunctionScriptingTraits (0ms)
			SetupTypeCache (209ms)
			ReleaseScriptCaches (0ms)
			RebuildScriptCaches (43ms)
			SetupLoadedEditorAssemblies (231ms)
				LogAssemblyErrors (0ms)
				InitializePlatformSupportModulesInManaged (6ms)
				SetLoadedEditorAssemblies (0ms)
				RefreshPlugins (59ms)
				BeforeProcessingInitializeOnLoad (13ms)
				ProcessInitializeOnLoadAttributes (116ms)
				ProcessInitializeOnLoadMethodAttributes (37ms)
				AfterProcessingInitializeOnLoad (0ms)
				EditorAssembliesLoaded (0ms)
			ExecutionOrderSort2 (0ms)
			AwakeInstancesAfterBackupRestoration (0ms)
Platform modules already initialized, skipping
Registering precompiled user dll's ...
Registered in 0.012211 seconds.
Begin MonoManager ReloadAssembly
Native extension for OSXStandalone target not found
Native extension for WebGL target not found
Refreshing native plugins compatible for Editor in 55.00 ms, found 2 plugins.
Preloading 0 native plugins for Editor in 0.00 ms.
Fallback handler could not load library /Applications/Unity/Hub/Editor/2020.3.29f1/Unity.app/Contents/Frameworks/Mono/lib/libadvapi32.dll
Fallback handler could not load library /Applications/Unity/Hub/Editor/2020.3.29f1/Unity.app/Contents/Frameworks/Mono/lib/libadvapi32.dll.dylib
Fallback handler could not load library /Applications/Unity/Hub/Editor/2020.3.29f1/Unity.app/Contents/Frameworks/Mono/lib/libadvapi32.dll.so
Fallback handler could not load library /Applications/Unity/Hub/Editor/2020.3.29f1/Unity.app/Contents/Frameworks/Mono/lib/libadvapi32.dll.bundle
Fallback handler could not load library /Applications/Unity/Hub/Editor/2020.3.29f1/Unity.app/Contents/Frameworks/Mono/lib/advapi32.dll
Fallback handler could not load library /Applications/Unity/Hub/Editor/2020.3.29f1/Unity.app/Contents/Frameworks/Mono/lib/libadvapi32
Fallback handler could not load library /Applications/Unity/Hub/Editor/2020.3.29f1/Unity.app/Contents/Frameworks/Mono/lib/libadvapi32.dylib
Fallback handler could not load library /Applications/Unity/Hub/Editor/2020.3.29f1/Unity.app/Contents/Frameworks/Mono/lib/libadvapi32.so
Fallback handler could not load library /Applications/Unity/Hub/Editor/2020.3.29f1/Unity.app/Contents/Frameworks/Mono/lib/libadvapi32.bundle
Fallback handler could not load library /Applications/Unity/Hub/Editor/2020.3.29f1/Unity.app/Contents/Frameworks/Mono/lib/advapi32
Fallback handler could not load library /Applications/Unity/Hub/Editor/2020.3.29f1/Unity.app/Contents/Frameworks/Mono/lib/libadvapi32.dll
Fallback handler could not load library /Applications/Unity/Hub/Editor/2020.3.29f1/Unity.app/Contents/Frameworks/Mono/lib/libadvapi32.dll.dylib
Fallback handler could not load library /Applications/Unity/Hub/Editor/2020.3.29f1/Unity.app/Contents/Frameworks/Mono/lib/libadvapi32.dll.so
Fallback handler could not load library /Applications/Unity/Hub/Editor/2020.3.29f1/Unity.app/Contents/Frameworks/Mono/lib/libadvapi32.dll.bundle
Fallback handler could not load library /Applications/Unity/Hub/Editor/2020.3.29f1/Unity.app/Contents/Frameworks/Mono/lib/libadvapi32.dll
Fallback handler could not load library /Applications/Unity/Hub/Editor/2020.3.29f1/Unity.app/Contents/Frameworks/Mono/lib/libadvapi32.dll
Fallback handler could not load library /Applications/Unity/Hub/Editor/2020.3.29f1/Unity.app/Contents/Frameworks/Mono/lib/libadvapi32.dll.dylib
Fallback handler could not load library /Applications/Unity/Hub/Editor/2020.3.29f1/Unity.app/Contents/Frameworks/Mono/lib/libadvapi32.dll.so
Fallback handler could not load library /Applications/Unity/Hub/Editor/2020.3.29f1/Unity.app/Contents/Frameworks/Mono/lib/libadvapi32.dll.bundle
Fallback handler could not load library /Applications/Unity/Hub/Editor/2020.3.29f1/Unity.app/Contents/Frameworks/Mono/lib/advapi32.dll
Fallback handler could not load library /Applications/Unity/Hub/Editor/2020.3.29f1/Unity.app/Contents/Frameworks/Mono/lib/libadvapi32
Fallback handler could not load library /Applications/Unity/Hub/Editor/2020.3.29f1/Unity.app/Contents/Frameworks/Mono/lib/libadvapi32.dylib
Fallback handler could not load library /Applications/Unity/Hub/Editor/2020.3.29f1/Unity.app/Contents/Frameworks/Mono/lib/libadvapi32.so
Fallback handler could not load library /Applications/Unity/Hub/Editor/2020.3.29f1/Unity.app/Contents/Frameworks/Mono/lib/libadvapi32.bundle
Fallback handler could not load library /Applications/Unity/Hub/Editor/2020.3.29f1/Unity.app/Contents/Frameworks/Mono/lib/advapi32
Fallback handler could not load library /Applications/Unity/Hub/Editor/2020.3.29f1/Unity.app/Contents/Frameworks/Mono/lib/libadvapi32.dll
Fallback handler could not load library /Applications/Unity/Hub/Editor/2020.3.29f1/Unity.app/Contents/Frameworks/Mono/lib/libadvapi32.dll.dylib
Fallback handler could not load library /Applications/Unity/Hub/Editor/2020.3.29f1/Unity.app/Contents/Frameworks/Mono/lib/libadvapi32.dll.so
Fallback handler could not load library /Applications/Unity/Hub/Editor/2020.3.29f1/Unity.app/Contents/Frameworks/Mono/lib/libadvapi32.dll.bundle
Fallback handler could not load library /Applications/Unity/Hub/Editor/2020.3.29f1/Unity.app/Contents/Frameworks/Mono/lib/libadvapi32.dll
DisplayProgressbar: Generating Metadata
Fallback handler could not load library /Applications/Unity/Hub/Editor/2020.3.29f1/Unity.app/Contents/Frameworks/Mono/lib/libKernel32
Fallback handler could not load library /Applications/Unity/Hub/Editor/2020.3.29f1/Unity.app/Contents/Frameworks/Mono/lib/libKernel32.dylib
Fallback handler could not load library /Applications/Unity/Hub/Editor/2020.3.29f1/Unity.app/Contents/Frameworks/Mono/lib/libKernel32.so
Fallback handler could not load library /Applications/Unity/Hub/Editor/2020.3.29f1/Unity.app/Contents/Frameworks/Mono/lib/libKernel32.bundle
Fallback handler could not load library /Applications/Unity/Hub/Editor/2020.3.29f1/Unity.app/Contents/Frameworks/Mono/lib/Kernel32
Fallback handler could not load library /Applications/Unity/Hub/Editor/2020.3.29f1/Unity.app/Contents/Frameworks/Mono/lib/libKernel32
Fallback handler could not load library /Applications/Unity/Hub/Editor/2020.3.29f1/Unity.app/Contents/Frameworks/Mono/lib/libKernel32.dylib
Fallback handler could not load library /Applications/Unity/Hub/Editor/2020.3.29f1/Unity.app/Contents/Frameworks/Mono/lib/libKernel32.so
Fallback handler could not load library /Applications/Unity/Hub/Editor/2020.3.29f1/Unity.app/Contents/Frameworks/Mono/lib/libKernel32.bundle
Fallback handler could not load library /Applications/Unity/Hub/Editor/2020.3.29f1/Unity.app/Contents/Frameworks/Mono/lib/libKernel32
Mono: successfully reloaded assembly
- Completed reload, in  1.910 seconds
Domain Reload Profiling:
	ReloadAssembly (1912ms)
		BeginReloadAssembly (170ms)
			ExecutionOrderSort (0ms)
			DisableScriptedObjects (8ms)
			BackupInstance (0ms)
			ReleaseScriptingObjects (0ms)
			CreateAndSetChildDomain (26ms)
		EndReloadAssembly (1674ms)
			LoadAssemblies (117ms)
			RebuildTransferFunctionScriptingTraits (0ms)
			SetupTypeCache (427ms)
			ReleaseScriptCaches (1ms)
			RebuildScriptCaches (98ms)
			SetupLoadedEditorAssemblies (888ms)
				LogAssemblyErrors (0ms)
				InitializePlatformSupportModulesInManaged (5ms)
				SetLoadedEditorAssemblies (0ms)
				RefreshPlugins (55ms)
				BeforeProcessingInitializeOnLoad (61ms)
				ProcessInitializeOnLoadAttributes (241ms)
				ProcessInitializeOnLoadMethodAttributes (525ms)
				AfterProcessingInitializeOnLoad (1ms)
				EditorAssembliesLoaded (0ms)
			ExecutionOrderSort2 (0ms)
			AwakeInstancesAfterBackupRestoration (10ms)
Platform modules already initialized, skipping
Validating Project structure ... 0.021550 seconds.
Shader import version has changed; will reimport all shaders...
Upgrading shader files ...0.049690 seconds.
Application.AssetDatabase Initial Script Refresh Start
RefreshInfo: InitialScriptRefreshV2(NoUpdateAssetOptions) scanfilter:  ... 1 filters
RefreshProfiler: Total: 0.000ms
Application.AssetDatabase Initial Script Refresh End
Application.AssetDatabase.Refresh Start
Application.AssetDatabase.Refresh End
RefreshInfo: StopAssetImportingV2(ForceSynchronousImport) scanfilter: 
RefreshProfiler: Total: 0.000ms
Launching external process: /Applications/Unity/Hub/Editor/2020.3.29f1/Unity.app/Contents/Tools/UnityShaderCompiler
Launched and connected shader compiler UnityShaderCompiler after 0.02 seconds
Initializing Unity extensions:
2022-12-09 14:08:49.942 Unity[36205:22738161] NSEventModifierFlagFunction specified to -setKeyEquivalentModifierMask: for item <NSMenuItem: 0x60000339e920 Font Asset, ke='Command-F12'>, but is only supported for system-provided menu items; will not be used
2022-12-09 14:08:49.948 Unity[36205:22738161] NSEventModifierFlagFunction specified to -setKeyEquivalentModifierMask: for item <NSMenuItem: 0x600003373b10 Font Asset, ke='Command-F12'>, but is only supported for system-provided menu items; will not be used
========================================================================
Worker process is ready to serve import requests
Refreshing native plugins compatible for Editor in 0.50 ms, found 2 plugins.
Preloading 0 native plugins for Editor in 0.00 ms.
Unloading 2820 Unused Serialized files (Serialized files now loaded: 0)
System memory in use before: 239.3 MB.
System memory in use after: 238.6 MB.

Unloading 361 unused Assets to reduce memory usage. Loaded Objects now: 3292.
Total: 5.925339 ms (FindLiveObjects: 0.286245 ms CreateObjectMapping: 0.221242 ms MarkObjects: 4.637589 ms  DeleteObjects: 0.779417 ms)

AssetImportParameters requested are different than current active one (requested -> active):
  custom:video-decoder-ogg-theora: a1e56fd34408186e4bbccfd4996cb3dc -> 
  custom:container-muxer-webm: aa71ff27fc2769a1b78a27578f13a17b -> 
  custom:container-demuxer-webm: 4f35f7cbe854078d1ac9338744f61a02 -> 
  custom:container-demuxer-ogg: 62fdf1f143b41e24485cea50d1cbac27 -> 
  custom:video-encoder-webm-vp8: eb34c28f22e8b96e1ab97ce403110664 -> 
  custom:framework-osx-AVFoundation: e770b220cccbd017edd2c1fefb359320 -> 
  custom:video-decoder-webm-vp8: 9c59270c3fd7afecdb556c50c9e8de78 -> 
  custom:audio-decoder-ogg-vorbis: bf7c407c2cedff20999df2af8eb42d56 -> 
  custom:audio-encoder-webm-vorbis: bf7c407c2cedff20999df2af8eb42d56 -> 
========================================================================
Received Import Request.
  path: Assets/Naninovel/Resources/Naninovel/EngineInitializationUI.prefab
  artifactKey: Guid(4c50c16ce50037944a540ca5b289de39) Importer(815301076,1909f56bfc062723c751e8b465ee728b)
Start importing Assets/Naninovel/Resources/Naninovel/EngineInitializationUI.prefab using Guid(4c50c16ce50037944a540ca5b289de39) Importer(815301076,1909f56bfc062723c751e8b465ee728b)  -> (artifact id: '5858e73c7efe0b507aeab908ff77243b') in 0.176778 seconds 
  Import took 0.184219 seconds .

========================================================================
Received Import Request.
  Time since last request: 0.000301 seconds.
  path: Assets/Naninovel/Resources/Naninovel/DefaultMixer.mixer
  artifactKey: Guid(a8d2f798fc082fd408df1fe76f6182f5) Importer(815301076,1909f56bfc062723c751e8b465ee728b)
Start importing Assets/Naninovel/Resources/Naninovel/DefaultMixer.mixer using Guid(a8d2f798fc082fd408df1fe76f6182f5) Importer(815301076,1909f56bfc062723c751e8b465ee728b)  -> (artifact id: 'ad8110fb4977ba4dfa15b8117ee07c86') in 0.102551 seconds 
  Import took 0.109769 seconds .

========================================================================
Received Import Request.
  Time since last request: 0.000278 seconds.
  path: Assets/Naninovel/Resources/Naninovel/ScriptNavigator.prefab
  artifactKey: Guid(735d6aa767879aa469134858c5b2f0a7) Importer(815301076,1909f56bfc062723c751e8b465ee728b)
Start importing Assets/Naninovel/Resources/Naninovel/ScriptNavigator.prefab using Guid(735d6aa767879aa469134858c5b2f0a7) Importer(815301076,1909f56bfc062723c751e8b465ee728b)  -> (artifact id: '0a64b3c9c2b8a3459ab942dd48619af0') in 0.047486 seconds 
  Import took 0.051232 seconds .

========================================================================
Received Import Request.
  Time since last request: 0.000367 seconds.
  path: Assets/Naninovel/Resources/Naninovel/EngineVersion.asset
  artifactKey: Guid(c84725d625f6ff44a89b187d567d4d96) Importer(815301076,1909f56bfc062723c751e8b465ee728b)
Start importing Assets/Naninovel/Resources/Naninovel/EngineVersion.asset using Guid(c84725d625f6ff44a89b187d567d4d96) Importer(815301076,1909f56bfc062723c751e8b465ee728b)  -> (artifact id: '4e0a371b94b4912797287c3368601642') in 0.099322 seconds 
  Import took 0.106784 seconds .

========================================================================
Received Import Request.
  Time since last request: 16.070046 seconds.
  path: Assets/Naninovel/Resources/Naninovel/Scripts/NewScript.nani
  artifactKey: Guid(86e6820d6f35040d89f72c7aa6a866ae) Importer(815301076,1909f56bfc062723c751e8b465ee728b)
Start importing Assets/Naninovel/Resources/Naninovel/Scripts/NewScript.nani using Guid(86e6820d6f35040d89f72c7aa6a866ae) Importer(815301076,1909f56bfc062723c751e8b465ee728b)  -> (artifact id: '029f3756fd7bc0396b7ef60eef9bd40b') in 0.131219 seconds 
  Import took 0.139438 seconds .

========================================================================
Received Import Request.
  Time since last request: 237.983568 seconds.
  path: Assets/Naninovel/Resources/Naninovel/Scripts/NewScript.nani
  artifactKey: Guid(86e6820d6f35040d89f72c7aa6a866ae) Importer(815301076,1909f56bfc062723c751e8b465ee728b)
Start importing Assets/Naninovel/Resources/Naninovel/Scripts/NewScript.nani using Guid(86e6820d6f35040d89f72c7aa6a866ae) Importer(815301076,1909f56bfc062723c751e8b465ee728b)  -> (artifact id: '36c275fd9cf6c39ebb4d2fb908a4be58') in 0.023416 seconds 
  Import took 0.028352 seconds .

========================================================================
Received Import Request.
  Time since last request: 35.465123 seconds.
  path: Assets/AdventureCreator/Graphics/PrefabIcons/_Camera.png
  artifactKey: Guid(29c140477927044a8aac146aeec5fde5) Importer(815301076,1909f56bfc062723c751e8b465ee728b)
Start importing Assets/AdventureCreator/Graphics/PrefabIcons/_Camera.png using Guid(29c140477927044a8aac146aeec5fde5) Importer(815301076,1909f56bfc062723c751e8b465ee728b)  -> (artifact id: '4c58bf1ea99470f0c0eff36f302f7d04') in 0.900032 seconds 
  Import took 0.910989 seconds .

========================================================================
Received Import Request.
  Time since last request: 0.000346 seconds.
  path: Assets/AdventureCreator/Graphics/PrefabIcons/_Collision.png
  artifactKey: Guid(838f359e0e28c4bbdaf0e4790c57d2df) Importer(815301076,1909f56bfc062723c751e8b465ee728b)
Start importing Assets/AdventureCreator/Graphics/PrefabIcons/_Collision.png using Guid(838f359e0e28c4bbdaf0e4790c57d2df) Importer(815301076,1909f56bfc062723c751e8b465ee728b)  -> (artifact id: '58fdea1802139e951ca5723657232b76') in 0.015135 seconds 
  Import took 0.019931 seconds .

========================================================================
Received Import Request.
  Time since last request: 0.000253 seconds.
  path: Assets/AdventureCreator/Graphics/PrefabIcons/AC_Trigger.png
  artifactKey: Guid(b78e44a2bd3794959853cec49ff0b2df) Importer(815301076,1909f56bfc062723c751e8b465ee728b)
Start importing Assets/AdventureCreator/Graphics/PrefabIcons/AC_Trigger.png using Guid(b78e44a2bd3794959853cec49ff0b2df) Importer(815301076,1909f56bfc062723c751e8b465ee728b)  -> (artifact id: '025c6758c1086ff075a83d83c60848a8') in 0.016217 seconds 
  Import took 0.021365 seconds .

========================================================================
Received Import Request.
  Time since last request: 0.000222 seconds.
  path: Packages/com.unity.collab-proxy/Editor/Collaborate/Assets/Icons/added-file-dark.png
  artifactKey: Guid(1a4f52b613391cd449af3ad2e44affeb) Importer(815301076,1909f56bfc062723c751e8b465ee728b)
Start importing Packages/com.unity.collab-proxy/Editor/Collaborate/Assets/Icons/added-file-dark.png using Guid(1a4f52b613391cd449af3ad2e44affeb) Importer(815301076,1909f56bfc062723c751e8b465ee728b)  -> (artifact id: 'b6c50c6b02d9b73c5e2e4a85549794a4') in 0.021071 seconds 
  Import took 0.025547 seconds .

========================================================================
Received Import Request.
  Time since last request: 0.000270 seconds.
  path: Packages/com.unity.collab-proxy/Editor/Collaborate/Assets/Icons/added-file-dark@2x.png
  artifactKey: Guid(c223e0c507e2c6549a2cb97441b62cbe) Importer(815301076,1909f56bfc062723c751e8b465ee728b)
Start importing Packages/com.unity.collab-proxy/Editor/Collaborate/Assets/Icons/added-file-dark@2x.png using Guid(c223e0c507e2c6549a2cb97441b62cbe) Importer(815301076,1909f56bfc062723c751e8b465ee728b)  -> (artifact id: 'f9424499d8ed03e8df785259fedae1b3') in 0.014106 seconds 
  Import took 0.019189 seconds .

========================================================================
Received Import Request.
  Time since last request: 0.000314 seconds.
  path: Assets/AdventureCreator/Graphics/Textures/Add.png
  artifactKey: Guid(cc3fa24605c3c4b0081ccfc43043abf8) Importer(815301076,1909f56bfc062723c751e8b465ee728b)
Start importing Assets/AdventureCreator/Graphics/Textures/Add.png using Guid(cc3fa24605c3c4b0081ccfc43043abf8) Importer(815301076,1909f56bfc062723c751e8b465ee728b)  -> (artifact id: '5aa0cbd31a55dfb0bc2d017f05364458') in 0.011458 seconds 
  Import took 0.016548 seconds .

========================================================================
Received Import Request.
  Time since last request: 0.000271 seconds.
  path: Assets/AdventureCreator/Graphics/PrefabIcons/_CollisionCylinder.png
  artifactKey: Guid(6e7efac84982c4fb28b5e4870630bf96) Importer(815301076,1909f56bfc062723c751e8b465ee728b)
Start importing Assets/AdventureCreator/Graphics/PrefabIcons/_CollisionCylinder.png using Guid(6e7efac84982c4fb28b5e4870630bf96) Importer(815301076,1909f56bfc062723c751e8b465ee728b)  -> (artifact id: '1baae5779d868d65fae1a223bf0cb7b5') in 0.008089 seconds 
  Import took 0.012064 seconds .

========================================================================
Received Import Request.
  Time since last request: 0.000258 seconds.
  path: Packages/com.unity.collab-proxy/Editor/Collaborate/Assets/Icons/added-file-light.png
  artifactKey: Guid(397fff6c3885f8343bb65714f0064b5d) Importer(815301076,1909f56bfc062723c751e8b465ee728b)
Start importing Packages/com.unity.collab-proxy/Editor/Collaborate/Assets/Icons/added-file-light.png using Guid(397fff6c3885f8343bb65714f0064b5d) Importer(815301076,1909f56bfc062723c751e8b465ee728b)  -> (artifact id: 'c673a4f73ecb39b34c0c364ab5d41a87') in 0.011443 seconds 
  Import took 0.015760 seconds .

========================================================================
Received Import Request.
  Time since last request: 1.247504 seconds.
  path: Packages/com.unity.collab-proxy/Editor/Collaborate/Assets/Icons/added-file-light@2x.png
  artifactKey: Guid(ec2e3aa6d0ab8ce4eac29b56d65d61d5) Importer(815301076,1909f56bfc062723c751e8b465ee728b)
Start importing Packages/com.unity.collab-proxy/Editor/Collaborate/Assets/Icons/added-file-light@2x.png using Guid(ec2e3aa6d0ab8ce4eac29b56d65d61d5) Importer(815301076,1909f56bfc062723c751e8b465ee728b)  -> (artifact id: 'a4de0a7a5e4ce4511bc09095573cae8b') in 0.022160 seconds 
  Import took 0.027961 seconds .

========================================================================
Received Import Request.
  Time since last request: 0.000255 seconds.
  path: Assets/Naninovel/Textures/UI/Arrow.png
  artifactKey: Guid(b9884ac3ddc7cdb4ba624345665f5508) Importer(815301076,1909f56bfc062723c751e8b465ee728b)
Start importing Assets/Naninovel/Textures/UI/Arrow.png using Guid(b9884ac3ddc7cdb4ba624345665f5508) Importer(815301076,1909f56bfc062723c751e8b465ee728b)  -> (artifact id: 'df8b9847cdcb5e50338c57fd3e2e1239') in 0.039690 seconds 
  Import took 0.046322 seconds .

========================================================================
Received Import Request.
  Time since last request: 0.000712 seconds.
  path: Assets/AdventureCreator/Graphics/Textures/arrow-down.png
  artifactKey: Guid(403c7131fd05444f0af1c292d633a330) Importer(815301076,1909f56bfc062723c751e8b465ee728b)
Start importing Assets/AdventureCreator/Graphics/Textures/arrow-down.png using Guid(403c7131fd05444f0af1c292d633a330) Importer(815301076,1909f56bfc062723c751e8b465ee728b)  -> (artifact id: '85cb78b2731d85f589b4daca8204a1f7') in 0.036114 seconds 
  Import took 0.042207 seconds .

========================================================================
Received Import Request.
  Time since last request: 0.000276 seconds.
  path: Assets/AdventureCreator/Graphics/Textures/arrow-down-sprite.png
  artifactKey: Guid(18c607ae4ff48443eadeac4bc6e96e8e) Importer(815301076,1909f56bfc062723c751e8b465ee728b)
Start importing Assets/AdventureCreator/Graphics/Textures/arrow-down-sprite.png using Guid(18c607ae4ff48443eadeac4bc6e96e8e) Importer(815301076,1909f56bfc062723c751e8b465ee728b)  -> (artifact id: '90998d01377d07967d288b9ebc28eb56') in 0.024537 seconds 
  Import took 0.029297 seconds .

========================================================================
Received Import Request.
  Time since last request: 0.066418 seconds.
  path: Assets/AdventureCreator/Graphics/Textures/arrow-left.png
  artifactKey: Guid(ef118e99a62af4f05ad8c9f331a04f27) Importer(815301076,1909f56bfc062723c751e8b465ee728b)
Start importing Assets/AdventureCreator/Graphics/Textures/arrow-left.png using Guid(ef118e99a62af4f05ad8c9f331a04f27) Importer(815301076,1909f56bfc062723c751e8b465ee728b)  -> (artifact id: '8b19f1afcd6cedb6fb1ed4271750f7ec') in 0.017149 seconds 
  Import took 0.023072 seconds .

========================================================================
Received Import Request.
  Time since last request: 0.000324 seconds.
  path: Assets/AdventureCreator/Graphics/PrefabIcons/ArrowPrompt.png
  artifactKey: Guid(76294c76103d144be8f4715034382d57) Importer(815301076,1909f56bfc062723c751e8b465ee728b)
Start importing Assets/AdventureCreator/Graphics/PrefabIcons/ArrowPrompt.png using Guid(76294c76103d144be8f4715034382d57) Importer(815301076,1909f56bfc062723c751e8b465ee728b)  -> (artifact id: 'd4b856181fbe96afc617e986ab95fca5') in 0.036618 seconds 
  Import took 0.041932 seconds .

========================================================================
Received Import Request.
  Time since last request: 0.000396 seconds.
  path: Assets/AdventureCreator/Graphics/Textures/arrow-up-sprite.png
  artifactKey: Guid(b6920f0fc26864df0a145e7e3767f255) Importer(815301076,1909f56bfc062723c751e8b465ee728b)
Start importing Assets/AdventureCreator/Graphics/Textures/arrow-up-sprite.png using Guid(b6920f0fc26864df0a145e7e3767f255) Importer(815301076,1909f56bfc062723c751e8b465ee728b)  -> (artifact id: '7c2aad2050f3ac000fc806b7d20e1b61') in 0.020386 seconds 
  Import took 0.026129 seconds .

========================================================================
Received Import Request.
  Time since last request: 0.000254 seconds.
  path: Assets/AdventureCreator/Graphics/PrefabIcons/BackgroundImage.png
  artifactKey: Guid(b899cb067eb334c238dad8512d11ff14) Importer(815301076,1909f56bfc062723c751e8b465ee728b)
Start importing Assets/AdventureCreator/Graphics/PrefabIcons/BackgroundImage.png using Guid(b899cb067eb334c238dad8512d11ff14) Importer(815301076,1909f56bfc062723c751e8b465ee728b)  -> (artifact id: '80c3cd4df7edbb7682bc3dd486549aa1') in 0.010087 seconds 
  Import took 0.015266 seconds .

========================================================================
Received Import Request.
  Time since last request: 0.000234 seconds.
  path: Packages/com.unity.collab-proxy/Editor/Collaborate/Assets/Icons/back-light@2x.png
  artifactKey: Guid(f5c57327df0fa294c8209aa216435167) Importer(815301076,1909f56bfc062723c751e8b465ee728b)
Start importing Packages/com.unity.collab-proxy/Editor/Collaborate/Assets/Icons/back-light@2x.png using Guid(f5c57327df0fa294c8209aa216435167) Importer(815301076,1909f56bfc062723c751e8b465ee728b)  -> (artifact id: '9126f2c6a09177ddfe777bcef538ff86') in 0.009787 seconds 
  Import took 0.014289 seconds .

========================================================================
Received Import Request.
  Time since last request: 0.000241 seconds.
  path: Assets/AdventureCreator/Graphics/Textures/arrow-up.png
  artifactKey: Guid(13a1ccfbbd7634b4e9bac1cf83c3297e) Importer(815301076,1909f56bfc062723c751e8b465ee728b)
Start importing Assets/AdventureCreator/Graphics/Textures/arrow-up.png using Guid(13a1ccfbbd7634b4e9bac1cf83c3297e) Importer(815301076,1909f56bfc062723c751e8b465ee728b)  -> (artifact id: 'e2b02a2932b8204f2c33d04179d627f3') in 0.056159 seconds 
  Import took 0.062433 seconds .

========================================================================
Received Import Request.
  Time since last request: 0.000375 seconds.
  path: Packages/com.unity.collab-proxy/Editor/Collaborate/Assets/Icons/back-dark.png
  artifactKey: Guid(8e3ec2dfd58b79842aa78376678a9a05) Importer(815301076,1909f56bfc062723c751e8b465ee728b)
Start importing Packages/com.unity.collab-proxy/Editor/Collaborate/Assets/Icons/back-dark.png using Guid(8e3ec2dfd58b79842aa78376678a9a05) Importer(815301076,1909f56bfc062723c751e8b465ee728b)  -> (artifact id: '6418a2c11981f0acf802666f81ff2714') in 0.014289 seconds 
  Import took 0.023286 seconds .

========================================================================
Received Import Request.
  Time since last request: 0.000406 seconds.
  path: Assets/AdventureCreator/Graphics/Textures/arrow-right-sprite.png
  artifactKey: Guid(d61bd24a3526248b5a8b5086726d9d8b) Importer(815301076,1909f56bfc062723c751e8b465ee728b)
Start importing Assets/AdventureCreator/Graphics/Textures/arrow-right-sprite.png using Guid(d61bd24a3526248b5a8b5086726d9d8b) Importer(815301076,1909f56bfc062723c751e8b465ee728b)  -> (artifact id: 'a36cef1b1bd48ccf60484a9555b6695b') in 0.048040 seconds 
  Import took 0.056179 seconds .

========================================================================
Received Import Request.
  Time since last request: 0.000317 seconds.
  path: Assets/Naninovel/Textures/UI/BacklogRollback.png
  artifactKey: Guid(5c10f7ad3669521478b945772f8f509b) Importer(815301076,1909f56bfc062723c751e8b465ee728b)
Start importing Assets/Naninovel/Textures/UI/BacklogRollback.png using Guid(5c10f7ad3669521478b945772f8f509b) Importer(815301076,1909f56bfc062723c751e8b465ee728b)  -> (artifact id: '4af0e7675e34f7776bb8b2357a7e81fe') in 0.020816 seconds 
  Import took 0.026726 seconds .

========================================================================
Received Import Request.
  Time since last request: 0.000276 seconds.
  path: Packages/com.unity.collab-proxy/Editor/Collaborate/Assets/Icons/back-dark@2x.png
  artifactKey: Guid(9c6313a5316f8a34b852bf94ff96e3ab) Importer(815301076,1909f56bfc062723c751e8b465ee728b)
Start importing Packages/com.unity.collab-proxy/Editor/Collaborate/Assets/Icons/back-dark@2x.png using Guid(9c6313a5316f8a34b852bf94ff96e3ab) Importer(815301076,1909f56bfc062723c751e8b465ee728b)  -> (artifact id: '626b8d703df2186d7c867ee863820d3e') in 0.019131 seconds 
  Import took 0.024268 seconds .

========================================================================
Received Import Request.
  Time since last request: 0.000240 seconds.
  path: Assets/AdventureCreator/Graphics/Textures/arrow-left-sprite.png
  artifactKey: Guid(5a92dd715310c4e90b5ce6207f024c6a) Importer(815301076,1909f56bfc062723c751e8b465ee728b)
Start importing Assets/AdventureCreator/Graphics/Textures/arrow-left-sprite.png using Guid(5a92dd715310c4e90b5ce6207f024c6a) Importer(815301076,1909f56bfc062723c751e8b465ee728b)  -> (artifact id: '902741984618871f8ca31cacbcb82013') in 0.024352 seconds 
  Import took 0.028614 seconds .

========================================================================
Received Import Request.
  Time since last request: 0.000317 seconds.
  path: Assets/AdventureCreator/Graphics/Textures/arrow-right.png
  artifactKey: Guid(9786f1ddb7b7b43ef8de7dbc95b78bb1) Importer(815301076,1909f56bfc062723c751e8b465ee728b)
Start importing Assets/AdventureCreator/Graphics/Textures/arrow-right.png using Guid(9786f1ddb7b7b43ef8de7dbc95b78bb1) Importer(815301076,1909f56bfc062723c751e8b465ee728b)  -> (artifact id: 'ccb9ebe78bf755095d051e95ecba3a0d') in 0.018298 seconds 
  Import took 0.022676 seconds .

========================================================================
Received Import Request.
  Time since last request: 0.000257 seconds.
  path: Packages/com.unity.collab-proxy/Editor/Collaborate/Assets/Icons/back-light.png
  artifactKey: Guid(e676ab7aa99535447a763c9f88bf9260) Importer(815301076,1909f56bfc062723c751e8b465ee728b)
Start importing Packages/com.unity.collab-proxy/Editor/Collaborate/Assets/Icons/back-light.png using Guid(e676ab7aa99535447a763c9f88bf9260) Importer(815301076,1909f56bfc062723c751e8b465ee728b)  -> (artifact id: '31b0a8c754a76bc310ba5fbde663e255') in 0.012675 seconds 
  Import took 0.017146 seconds .

========================================================================
Received Import Request.
  Time since last request: 0.000205 seconds.
  path: Assets/AdventureCreator/Demo/Models/Sets/Basement/Textures/Bag.jpg
  artifactKey: Guid(a298d2f11d4bb42789c9dd3225538302) Importer(815301076,1909f56bfc062723c751e8b465ee728b)
Start importing Assets/AdventureCreator/Demo/Models/Sets/Basement/Textures/Bag.jpg using Guid(a298d2f11d4bb42789c9dd3225538302) Importer(815301076,1909f56bfc062723c751e8b465ee728b)  -> (artifact id: '2cae8601232efaf172809c18b7a8a703') in 0.936439 seconds 
  Import took 0.945130 seconds .

========================================================================
Received Import Request.
  Time since last request: 0.525086 seconds.
  path: Assets/AdventureCreator/Demo/Models/Sets/Basement/Textures/Bookshelf.png
  artifactKey: Guid(2013f525787f047ebb05cd6137631b50) Importer(815301076,1909f56bfc062723c751e8b465ee728b)
Start importing Assets/AdventureCreator/Demo/Models/Sets/Basement/Textures/Bookshelf.png using Guid(2013f525787f047ebb05cd6137631b50) Importer(815301076,1909f56bfc062723c751e8b465ee728b)  -> (artifact id: 'a3742110a12441d3c3375f585a616a75') in 0.019614 seconds 
  Import took 0.025320 seconds .

========================================================================
Received Import Request.
  Time since last request: 0.000391 seconds.
  path: Assets/AdventureCreator/Demo/Models/Chars/Brain/Textures/BrainEyes.png
  artifactKey: Guid(a119b0a73cf8f4d98a44a284764586dd) Importer(815301076,1909f56bfc062723c751e8b465ee728b)
Start importing Assets/AdventureCreator/Demo/Models/Chars/Brain/Textures/BrainEyes.png using Guid(a119b0a73cf8f4d98a44a284764586dd) Importer(815301076,1909f56bfc062723c751e8b465ee728b)  -> (artifact id: '0d8f407660acf5f97215a524412386a5') in 0.008563 seconds 
  Import took 0.013566 seconds .

========================================================================
Received Import Request.
  Time since last request: 0.000335 seconds.
  path: Assets/AdventureCreator/Demo/Models/Chars/Brain/Textures/BrainGlasses.png
  artifactKey: Guid(77f947b07d03247f0b1482d5bbf27413) Importer(815301076,1909f56bfc062723c751e8b465ee728b)
Start importing Assets/AdventureCreator/Demo/Models/Chars/Brain/Textures/BrainGlasses.png using Guid(77f947b07d03247f0b1482d5bbf27413) Importer(815301076,1909f56bfc062723c751e8b465ee728b)  -> (artifact id: '55be11f6135ec38c1842934e97f04dac') in 0.014523 seconds 
  Import took 0.019870 seconds .

========================================================================
Received Import Request.
  Time since last request: 0.000307 seconds.
  path: Assets/AdventureCreator/Demo/Models/Sets/Basement/Textures/Box.jpg
  artifactKey: Guid(abb35554b9a954515a319563125d2daf) Importer(815301076,1909f56bfc062723c751e8b465ee728b)
Start importing Assets/AdventureCreator/Demo/Models/Sets/Basement/Textures/Box.jpg using Guid(abb35554b9a954515a319563125d2daf) Importer(815301076,1909f56bfc062723c751e8b465ee728b)  -> (artifact id: '882e37396cc750fb0f24d17983cef044') in 0.010604 seconds 
  Import took 0.014756 seconds .

========================================================================
Received Import Request.
  Time since last request: 0.000239 seconds.
  path: Assets/AdventureCreator/Demo/Models/Chars/Brain/Textures/Brain.png
  artifactKey: Guid(b232fa193c37e48f49f030c449ad7e1f) Importer(815301076,1909f56bfc062723c751e8b465ee728b)
Start importing Assets/AdventureCreator/Demo/Models/Chars/Brain/Textures/Brain.png using Guid(b232fa193c37e48f49f030c449ad7e1f) Importer(815301076,1909f56bfc062723c751e8b465ee728b)  -> (artifact id: 'cb196b240265862d2f0fa0472dbde936') in 0.023461 seconds 
  Import took 0.027584 seconds .

========================================================================
Received Import Request.
  Time since last request: 0.000278 seconds.
  path: Assets/AdventureCreator/Demo/Models/Chars/Brain/Textures/Brain-portrait.png
  artifactKey: Guid(a1b4519b2a537482b93d4a353d9043b4) Importer(815301076,1909f56bfc062723c751e8b465ee728b)
Start importing Assets/AdventureCreator/Demo/Models/Chars/Brain/Textures/Brain-portrait.png using Guid(a1b4519b2a537482b93d4a353d9043b4) Importer(815301076,1909f56bfc062723c751e8b465ee728b)  -> (artifact id: 'd4794f76a0425ea0f6abd80b6b818fc7') in 0.016768 seconds 
  Import took 0.022537 seconds .

========================================================================
Received Import Request.
  Time since last request: 0.000455 seconds.
  path: Assets/AdventureCreator/Demo/Models/Chars/Brain/Textures/Brain-normal.png
  artifactKey: Guid(7a7fdcad489fe462b952103f395aaf38) Importer(815301076,1909f56bfc062723c751e8b465ee728b)
Start importing Assets/AdventureCreator/Demo/Models/Chars/Brain/Textures/Brain-normal.png using Guid(7a7fdcad489fe462b952103f395aaf38) Importer(815301076,1909f56bfc062723c751e8b465ee728b)  -> (artifact id: '7db1aa1b008db2031fa1b52ede0b8ca8') in 0.110720 seconds 
  Import took 0.118360 seconds .

========================================================================
Received Import Request.
  Time since last request: 0.000347 seconds.
  path: Assets/AdventureCreator/Demo/Models/Chars/Brain/Textures/BrainAO.jpg
  artifactKey: Guid(af15cd3cfd55340919ec039205ea8320) Importer(815301076,1909f56bfc062723c751e8b465ee728b)
Start importing Assets/AdventureCreator/Demo/Models/Chars/Brain/Textures/BrainAO.jpg using Guid(af15cd3cfd55340919ec039205ea8320) Importer(815301076,1909f56bfc062723c751e8b465ee728b)  -> (artifact id: '104d6807d81fc0aa643bdc2fde44e3b7') in 0.020690 seconds 
  Import took 0.026882 seconds .

========================================================================
Received Import Request.
  Time since last request: 0.000233 seconds.
  path: Assets/AdventureCreator/2D Demo/Graphics/Textures/Brain-Icon.png
  artifactKey: Guid(50ecee34e335c4c4eacb1cb9d903cd34) Importer(815301076,1909f56bfc062723c751e8b465ee728b)
Start importing Assets/AdventureCreator/2D Demo/Graphics/Textures/Brain-Icon.png using Guid(50ecee34e335c4c4eacb1cb9d903cd34) Importer(815301076,1909f56bfc062723c751e8b465ee728b)  -> (artifact id: '8f3a669272805de7d17b711ace1d65b5') in 0.016706 seconds 
  Import took 0.021143 seconds .

========================================================================
Received Import Request.
  Time since last request: 0.106554 seconds.
  path: Packages/com.unity.timeline/Editor/StyleSheets/Images/Icons/TimelineClipBG.png
  artifactKey: Guid(d44fc8b11425e0043aa7c20a301ce707) Importer(815301076,1909f56bfc062723c751e8b465ee728b)
Start importing Packages/com.unity.timeline/Editor/StyleSheets/Images/Icons/TimelineClipBG.png using Guid(d44fc8b11425e0043aa7c20a301ce707) Importer(815301076,1909f56bfc062723c751e8b465ee728b)  -> (artifact id: '6ec249708d066100f788a2b3b7ad307f') in 0.011059 seconds 
  Import took 0.019637 seconds .

========================================================================
Received Import Request.
  Time since last request: 37.793878 seconds.
  path: Assets/Naninovel/Resources/Naninovel/Textures/Black.png
  artifactKey: Guid(b41c2e3deb4471040b499744e6cfb19f) Importer(815301076,1909f56bfc062723c751e8b465ee728b)
Start importing Assets/Naninovel/Resources/Naninovel/Textures/Black.png using Guid(b41c2e3deb4471040b499744e6cfb19f) Importer(815301076,1909f56bfc062723c751e8b465ee728b)  -> (artifact id: '83690ca669b8b9618a870ef3354b3513') in 0.017337 seconds 
  Import took 0.023108 seconds .

========================================================================
Received Import Request.
  Time since last request: 0.000347 seconds.
  path: Assets/Naninovel/Resources/Naninovel/Textures/Clouds.jpg
  artifactKey: Guid(968e718485a9fd54eb3fbbf0e525a7fe) Importer(815301076,1909f56bfc062723c751e8b465ee728b)
Start importing Assets/Naninovel/Resources/Naninovel/Textures/Clouds.jpg using Guid(968e718485a9fd54eb3fbbf0e525a7fe) Importer(815301076,1909f56bfc062723c751e8b465ee728b)  -> (artifact id: '4ef9f3d977f0cbfc44ed5dbfda2abfcc') in 0.018853 seconds 
  Import took 0.024513 seconds .

========================================================================
Received Import Request.
  Time since last request: 0.000341 seconds.
  path: Assets/Naninovel/Resources/Naninovel/Textures/UnknownActor.jpg
  artifactKey: Guid(8960572f1deaddd49aae40a294d93ed2) Importer(815301076,1909f56bfc062723c751e8b465ee728b)
Start importing Assets/Naninovel/Resources/Naninovel/Textures/UnknownActor.jpg using Guid(8960572f1deaddd49aae40a294d93ed2) Importer(815301076,1909f56bfc062723c751e8b465ee728b)  -> (artifact id: 'b1b18f7d58fbb636a8e9b42a342eea28') in 0.011389 seconds 
  Import took 0.017505 seconds .

========================================================================
Received Import Request.
  Time since last request: 16.208236 seconds.
  path: Assets/Naninovel/Resources/Naninovel/Textures/bg market.png
  artifactKey: Guid(6134171c2041f4a64a617e5d1364f444) Importer(815301076,1909f56bfc062723c751e8b465ee728b)
Start importing Assets/Naninovel/Resources/Naninovel/Textures/bg market.png using Guid(6134171c2041f4a64a617e5d1364f444) Importer(815301076,1909f56bfc062723c751e8b465ee728b)  -> (artifact id: '843fedce6a59b6b25cfb1494435111b4') in 0.033545 seconds 
  Import took 0.040096 seconds .

========================================================================
Received Import Request.
  Time since last request: 0.000275 seconds.
  path: Assets/Naninovel/Resources/Naninovel/Textures/vendor happy.png
  artifactKey: Guid(82c21b6f2ed8d43b1b0ab4aa2b9355d2) Importer(815301076,1909f56bfc062723c751e8b465ee728b)
Start importing Assets/Naninovel/Resources/Naninovel/Textures/vendor happy.png using Guid(82c21b6f2ed8d43b1b0ab4aa2b9355d2) Importer(815301076,1909f56bfc062723c751e8b465ee728b)  -> (artifact id: '613a2420621454a60e6668540851ed4f') in 0.032971 seconds 
  Import took 0.037776 seconds .

